<?xml version="1.0" encoding="UTF-8"?>
<testsuite name="academy.digitallab.store.product.ProductServiceMockTest" tests="1" skipped="0" failures="0" errors="0" timestamp="2020-11-06T06:39:06" hostname="DESKTOP-OKP3OHG" time="0.182">
  <properties/>
  <testcase name="whenValidUpdateStock_ThenReturnNewStock()" classname="academy.digitallab.store.product.ProductServiceMockTest" time="0.182"/>
  <system-out><![CDATA[01:38:58.609 [Test worker] DEBUG org.springframework.test.context.BootstrapUtils - Instantiating CacheAwareContextLoaderDelegate from class [org.springframework.test.context.cache.DefaultCacheAwareContextLoaderDelegate]
01:38:58.628 [Test worker] DEBUG org.springframework.test.context.BootstrapUtils - Instantiating BootstrapContext using constructor [public org.springframework.test.context.support.DefaultBootstrapContext(java.lang.Class,org.springframework.test.context.CacheAwareContextLoaderDelegate)]
01:38:58.671 [Test worker] DEBUG org.springframework.test.context.BootstrapUtils - Instantiating TestContextBootstrapper for test class [academy.digitallab.store.product.ProductServiceMockTest] from class [org.springframework.boot.test.context.SpringBootTestContextBootstrapper]
01:38:58.697 [Test worker] INFO org.springframework.boot.test.context.SpringBootTestContextBootstrapper - Neither @ContextConfiguration nor @ContextHierarchy found for test class [academy.digitallab.store.product.ProductServiceMockTest], using SpringBootContextLoader
01:38:58.704 [Test worker] DEBUG org.springframework.test.context.support.AbstractContextLoader - Did not detect default resource location for test class [academy.digitallab.store.product.ProductServiceMockTest]: class path resource [academy/digitallab/store/product/ProductServiceMockTest-context.xml] does not exist
01:38:58.704 [Test worker] DEBUG org.springframework.test.context.support.AbstractContextLoader - Did not detect default resource location for test class [academy.digitallab.store.product.ProductServiceMockTest]: class path resource [academy/digitallab/store/product/ProductServiceMockTestContext.groovy] does not exist
01:38:58.705 [Test worker] INFO org.springframework.test.context.support.AbstractContextLoader - Could not detect default resource locations for test class [academy.digitallab.store.product.ProductServiceMockTest]: no resource found for suffixes {-context.xml, Context.groovy}.
01:38:58.707 [Test worker] INFO org.springframework.test.context.support.AnnotationConfigContextLoaderUtils - Could not detect default configuration classes for test class [academy.digitallab.store.product.ProductServiceMockTest]: ProductServiceMockTest does not declare any static, non-private, non-final, nested classes annotated with @Configuration.
01:38:58.764 [Test worker] DEBUG org.springframework.test.context.support.ActiveProfilesUtils - Could not find an 'annotation declaring class' for annotation type [org.springframework.test.context.ActiveProfiles] and class [academy.digitallab.store.product.ProductServiceMockTest]
01:38:58.937 [Test worker] DEBUG org.springframework.context.annotation.ClassPathScanningCandidateComponentProvider - Identified candidate component class: file [E:\microservicios\service-product\build\classes\java\main\academy\digitallab\store\product\ServiceProductApplication.class]
01:38:58.938 [Test worker] INFO org.springframework.boot.test.context.SpringBootTestContextBootstrapper - Found @SpringBootConfiguration academy.digitallab.store.product.ServiceProductApplication for test class academy.digitallab.store.product.ProductServiceMockTest
01:38:59.082 [Test worker] DEBUG org.springframework.boot.test.context.SpringBootTestContextBootstrapper - @TestExecutionListeners is not present for class [academy.digitallab.store.product.ProductServiceMockTest]: using defaults.
01:38:59.083 [Test worker] INFO org.springframework.boot.test.context.SpringBootTestContextBootstrapper - Loaded default TestExecutionListener class names from location [META-INF/spring.factories]: [org.springframework.boot.test.autoconfigure.restdocs.RestDocsTestExecutionListener, org.springframework.boot.test.autoconfigure.web.client.MockRestServiceServerResetTestExecutionListener, org.springframework.boot.test.autoconfigure.web.servlet.MockMvcPrintOnlyOnFailureTestExecutionListener, org.springframework.boot.test.autoconfigure.web.servlet.WebDriverTestExecutionListener, org.springframework.boot.test.autoconfigure.webservices.client.MockWebServiceServerTestExecutionListener, org.springframework.boot.test.mock.mockito.MockitoTestExecutionListener, org.springframework.boot.test.mock.mockito.ResetMocksTestExecutionListener, org.springframework.test.context.web.ServletTestExecutionListener, org.springframework.test.context.support.DirtiesContextBeforeModesTestExecutionListener, org.springframework.test.context.support.DependencyInjectionTestExecutionListener, org.springframework.test.context.support.DirtiesContextTestExecutionListener, org.springframework.test.context.transaction.TransactionalTestExecutionListener, org.springframework.test.context.jdbc.SqlScriptsTestExecutionListener, org.springframework.test.context.event.EventPublishingTestExecutionListener]
01:38:59.110 [Test worker] INFO org.springframework.boot.test.context.SpringBootTestContextBootstrapper - Using TestExecutionListeners: [org.springframework.test.context.web.ServletTestExecutionListener@7bcc21b9, org.springframework.test.context.support.DirtiesContextBeforeModesTestExecutionListener@52bff7a9, org.springframework.boot.test.mock.mockito.MockitoTestExecutionListener@6ca99a43, org.springframework.boot.test.autoconfigure.SpringBootDependencyInjectionTestExecutionListener@374aa461, org.springframework.test.context.support.DirtiesContextTestExecutionListener@2d119ad8, org.springframework.test.context.transaction.TransactionalTestExecutionListener@be226c, org.springframework.test.context.jdbc.SqlScriptsTestExecutionListener@20e5cbba, org.springframework.test.context.event.EventPublishingTestExecutionListener@426e1a6b, org.springframework.boot.test.autoconfigure.restdocs.RestDocsTestExecutionListener@63088fa4, org.springframework.boot.test.autoconfigure.web.client.MockRestServiceServerResetTestExecutionListener@12d47ceb, org.springframework.boot.test.autoconfigure.web.servlet.MockMvcPrintOnlyOnFailureTestExecutionListener@1ce2cd10, org.springframework.boot.test.autoconfigure.web.servlet.WebDriverTestExecutionListener@2e6d31a5, org.springframework.boot.test.autoconfigure.webservices.client.MockWebServiceServerTestExecutionListener@9bfee63, org.springframework.boot.test.mock.mockito.ResetMocksTestExecutionListener@38bde89b]
01:38:59.119 [Test worker] DEBUG org.springframework.test.context.support.AbstractDirtiesContextTestExecutionListener - Before test class: context [DefaultTestContext@cea9ff9 testClass = ProductServiceMockTest, testInstance = [null], testMethod = [null], testException = [null], mergedContextConfiguration = [WebMergedContextConfiguration@1366ee74 testClass = ProductServiceMockTest, locations = '{}', classes = '{class academy.digitallab.store.product.ServiceProductApplication}', contextInitializerClasses = '[]', activeProfiles = '{}', propertySourceLocations = '{}', propertySourceProperties = '{org.springframework.boot.test.context.SpringBootTestContextBootstrapper=true}', contextCustomizers = set[org.springframework.boot.test.autoconfigure.properties.PropertyMappingContextCustomizer@0, org.springframework.boot.test.autoconfigure.web.servlet.WebDriverContextCustomizerFactory$Customizer@1bff6676, org.springframework.boot.test.context.filter.ExcludeFilterContextCustomizer@7d6ca76a, org.springframework.boot.test.json.DuplicateJsonObjectContextCustomizerFactory$DuplicateJsonObjectContextCustomizer@676a2957, org.springframework.boot.test.mock.mockito.MockitoContextCustomizer@0, org.springframework.boot.test.web.client.TestRestTemplateContextCustomizer@778ad9ac, org.springframework.boot.test.context.SpringBootTestArgs@1, org.springframework.boot.test.context.SpringBootTestWebEnvironment@6783bd32], resourceBasePath = 'src/main/webapp', contextLoader = 'org.springframework.boot.test.context.SpringBootContextLoader', parent = [null]], attributes = map['org.springframework.test.context.web.ServletTestExecutionListener.activateListener' -> true]], class annotated with @DirtiesContext [false] with mode [null].
01:38:59.160 [Test worker] DEBUG org.springframework.test.context.support.TestPropertySourceUtils - Adding inlined properties to environment: {spring.jmx.enabled=false, org.springframework.boot.test.context.SpringBootTestContextBootstrapper=true}

  .   ____          _            __ _ _
 /\\ / ___'_ __ _ _(_)_ __  __ _ \ \ \ \
( ( )\___ | '_ | '_| | '_ \/ _` | \ \ \ \
 \\/  ___)| |_)| | | | | || (_| |  ) ) ) )
  '  |____| .__|_| |_|_| |_\__, | / / / /
 =========|_|==============|___/=/_/_/_/
 :: Spring Boot ::        (v2.3.5.RELEASE)

2020-11-06 01:38:59.521  INFO 19828 --- [    Test worker] a.d.s.product.ProductServiceMockTest     : Starting ProductServiceMockTest on DESKTOP-OKP3OHG with PID 19828 (started by ivan in E:\microservicios\service-product)
2020-11-06 01:38:59.523  INFO 19828 --- [    Test worker] a.d.s.product.ProductServiceMockTest     : No active profile set, falling back to default profiles: default
2020-11-06 01:39:00.536  INFO 19828 --- [    Test worker] .s.d.r.c.RepositoryConfigurationDelegate : Bootstrapping Spring Data JPA repositories in DEFERRED mode.
2020-11-06 01:39:00.636  INFO 19828 --- [    Test worker] .s.d.r.c.RepositoryConfigurationDelegate : Finished Spring Data repository scanning in 85ms. Found 1 JPA repository interfaces.
2020-11-06 01:39:01.476  INFO 19828 --- [    Test worker] o.s.s.concurrent.ThreadPoolTaskExecutor  : Initializing ExecutorService 'applicationTaskExecutor'
2020-11-06 01:39:01.502  INFO 19828 --- [    Test worker] com.zaxxer.hikari.HikariDataSource       : HikariPool-1 - Starting...
2020-11-06 01:39:01.792  INFO 19828 --- [    Test worker] com.zaxxer.hikari.HikariDataSource       : HikariPool-1 - Start completed.
2020-11-06 01:39:01.940  INFO 19828 --- [         task-1] o.hibernate.jpa.internal.util.LogHelper  : HHH000204: Processing PersistenceUnitInfo [name: default]
2020-11-06 01:39:02.062  INFO 19828 --- [         task-1] org.hibernate.Version                    : HHH000412: Hibernate ORM core version 5.4.22.Final
2020-11-06 01:39:02.428  WARN 19828 --- [    Test worker] JpaBaseConfiguration$JpaWebConfiguration : spring.jpa.open-in-view is enabled by default. Therefore, database queries may be performed during view rendering. Explicitly configure spring.jpa.open-in-view to disable this warning
2020-11-06 01:39:02.494  INFO 19828 --- [         task-1] o.hibernate.annotations.common.Version   : HCANN000001: Hibernate Commons Annotations {5.1.0.Final}
2020-11-06 01:39:02.941  INFO 19828 --- [         task-1] org.hibernate.dialect.Dialect            : HHH000400: Using dialect: org.hibernate.dialect.H2Dialect
2020-11-06 01:39:04.205  INFO 19828 --- [    Test worker] DeferredRepositoryInitializationListener : Triggering deferred initialization of Spring Data repositories…
2020-11-06 01:39:04.811  INFO 19828 --- [         task-1] o.h.e.t.j.p.i.JtaPlatformInitiator       : HHH000490: Using JtaPlatform implementation: [org.hibernate.engine.transaction.jta.platform.internal.NoJtaPlatform]
2020-11-06 01:39:04.844  INFO 19828 --- [         task-1] j.LocalContainerEntityManagerFactoryBean : Initialized JPA EntityManagerFactory for persistence unit 'default'
2020-11-06 01:39:05.671  INFO 19828 --- [    Test worker] DeferredRepositoryInitializationListener : Spring Data repositories initialized!
2020-11-06 01:39:05.684  INFO 19828 --- [    Test worker] a.d.s.product.ProductServiceMockTest     : Started ProductServiceMockTest in 6.513 seconds (JVM running for 8.644)
]]></system-out>
  <system-err><![CDATA[]]></system-err>
</testsuite>
